[3;J[H[2J================
Essai avec le fichier ficPI.txt
Petit Fils 1 de pid 16947 (de père 16946) cherche 3 dans fichier
FILS 1 de pid 16946: Réponse pour 1 eme grep: 46
PERE : Reponse lue : fils 1 (de pid 16946) resultat grep: 46
Petit Fils 2 de pid 16949 (de père 16948) cherche 31 dans fichier
PERE : Reponse lue : fils 1 (de pid 16946) resultat grep: 46
FILS 2 de pid 16948: Réponse pour 2 eme grep: 4
PERE : Reponse lue : fils 1 (de pid 16946) resultat grep: 46
PERE : Reponse lue : fils 2 (de pid 16948) resultat grep: 4
Petit Fils 3 de pid 16951 (de père 16950) cherche 314 dans fichier
PERE : Reponse lue : fils 1 (de pid 16946) resultat grep: 46
PERE : Reponse lue : fils 2 (de pid 16948) resultat grep: 4
FILS 3 de pid 16950: Réponse pour 3 eme grep: 1
PERE : Reponse lue : fils 1 (de pid 16946) resultat grep: 46
PERE : Reponse lue : fils 2 (de pid 16948) resultat grep: 4
PERE : Reponse lue : fils 3 (de pid 16950) resultat grep: 1
Petit Fils 4 de pid 16953 (de père 16952) cherche 3141 dans fichier
PERE : Reponse lue : fils 1 (de pid 16946) resultat grep: 46
PERE : Reponse lue : fils 2 (de pid 16948) resultat grep: 4
PERE : Reponse lue : fils 3 (de pid 16950) resultat grep: 1
FILS 4 de pid 16952: Réponse pour 4 eme grep: 1
PERE : Reponse lue : fils 1 (de pid 16946) resultat grep: 46
PERE : Reponse lue : fils 2 (de pid 16948) resultat grep: 4
PERE : Reponse lue : fils 3 (de pid 16950) resultat grep: 1
PERE : Reponse lue : fils 4 (de pid 16952) resultat grep: 1
FILS 5 de pid 16954: Réponse pour 5 eme grep: 1
PERE : Reponse lue : fils 1 (de pid 16946) resultat grep: 46
PERE : Reponse lue : fils 2 (de pid 16948) resultat grep: 4
PERE : Reponse lue : fils 3 (de pid 16950) resultat grep: 1
PERE : Reponse lue : fils 4 (de pid 16952) resultat grep: 1
PERE : Reponse lue : fils 5 (de pid 16954) resultat grep: 1
Petit Fils 6 de pid 16957 (de père 16956) cherche 314159 dans fichier
PERE : Reponse lue : fils 1 (de pid 16946) resultat grep: 46
PERE : Reponse lue : fils 2 (de pid 16948) resultat grep: 4
PERE : Reponse lue : fils 3 (de pid 16950) resultat grep: 1
PERE : Reponse lue : fils 4 (de pid 16952) resultat grep: 1
PERE : Reponse lue : fils 5 (de pid 16954) resultat grep: 1
FILS 6 de pid 16956: Réponse pour 6 eme grep: 1
PERE : Reponse lue : fils 1 (de pid 16946) resultat grep: 46
PERE : Reponse lue : fils 2 (de pid 16948) resultat grep: 4
PERE : Reponse lue : fils 3 (de pid 16950) resultat grep: 1
PERE : Reponse lue : fils 4 (de pid 16952) resultat grep: 1
Petit Fils 5 de pid 16955 (de père 16954) cherche 31415 dans fichier
PERE : Reponse lue : fils 1 (de pid 16946) resultat grep: 46
PERE : Reponse lue : fils 2 (de pid 16948) resultat grep: 4
PERE : Reponse lue : fils 3 (de pid 16950) resultat grep: 1
PERE : Reponse lue : fils 4 (de pid 16952) resultat grep: 1
PERE : Reponse lue : fils 5 (de pid 16954) resultat grep: 1
PERE : Reponse lue : fils 6 (de pid 16956) resultat grep: 1
Petit Fils 7 de pid 16959 (de père 16958) cherche 3141592 dans fichier
PERE : Reponse lue : fils 1 (de pid 16946) resultat grep: 46
PERE : Reponse lue : fils 2 (de pid 16948) resultat grep: 4
PERE : Reponse lue : fils 3 (de pid 16950) resultat grep: 1
PERE : Reponse lue : fils 4 (de pid 16952) resultat grep: 1
PERE : Reponse lue : fils 5 (de pid 16954) resultat grep: 1
PERE : Reponse lue : fils 6 (de pid 16956) resultat grep: 1
PERE : Reponse lue : fils 7 (de pid 16958) resultat grep: 1
FILS 8 de pid 16960: Réponse pour 8 eme grep: 1
PERE : Reponse lue : fils 1 (de pid 16946) resultat grep: 46
PERE : Reponse lue : fils 2 (de pid 16948) resultat grep: 4
PERE : Reponse lue : fils 3 (de pid 16950) resultat grep: 1
PERE : Reponse lue : fils 4 (de pid 16952) resultat grep: 1
PERE : Reponse lue : fils 5 (de pid 16954) resultat grep: 1
PERE : Reponse lue : fils 6 (de pid 16956) resultat grep: 1
FILS 7 de pid 16958: Réponse pour 7 eme grep: 1
PERE : Reponse lue : fils 1 (de pid 16946) resultat grep: 46
PERE : Reponse lue : fils 2 (de pid 16948) resultat grep: 4
PERE : Reponse lue : fils 3 (de pid 16950) resultat grep: 1
PERE : Reponse lue : fils 4 (de pid 16952) resultat grep: 1
PERE : Reponse lue : fils 5 (de pid 16954) resultat grep: 1
PERE : Reponse lue : fils 6 (de pid 16956) resultat grep: 1
PERE : Reponse lue : fils 7 (de pid 16958) resultat grep: 1
Petit Fils 8 de pid 16961 (de père 16960) cherche 31415926 dans fichier
PERE : Reponse lue : fils 1 (de pid 16946) resultat grep: 46
PERE : Reponse lue : fils 2 (de pid 16948) resultat grep: 4
PERE : Reponse lue : fils 3 (de pid 16950) resultat grep: 1
PERE : Reponse lue : fils 4 (de pid 16952) resultat grep: 1
PERE : Reponse lue : fils 5 (de pid 16954) resultat grep: 1
PERE : Reponse lue : fils 6 (de pid 16956) resultat grep: 1
PERE : Reponse lue : fils 7 (de pid 16958) resultat grep: 1
PERE : Reponse lue : fils 8 (de pid 16960) resultat grep: 1
FILS 9 de pid 16962: Réponse pour 9 eme grep: 1
PERE : Reponse lue : fils 1 (de pid 16946) resultat grep: 46
PERE : Reponse lue : fils 2 (de pid 16948) resultat grep: 4
PERE : Reponse lue : fils 3 (de pid 16950) resultat grep: 1
PERE : Reponse lue : fils 4 (de pid 16952) resultat grep: 1
PERE : Reponse lue : fils 5 (de pid 16954) resultat grep: 1
PERE : Reponse lue : fils 6 (de pid 16956) resultat grep: 1
PERE : Reponse lue : fils 7 (de pid 16958) resultat grep: 1
PERE : Reponse lue : fils 8 (de pid 16960) resultat grep: 1
Petit Fils 9 de pid 16963 (de père 16962) cherche 314159265 dans fichier
PERE : Reponse lue : fils 1 (de pid 16946) resultat grep: 46
PERE : Reponse lue : fils 2 (de pid 16948) resultat grep: 4
PERE : Reponse lue : fils 3 (de pid 16950) resultat grep: 1
PERE : Reponse lue : fils 4 (de pid 16952) resultat grep: 1
PERE : Reponse lue : fils 5 (de pid 16954) resultat grep: 1
PERE : Reponse lue : fils 6 (de pid 16956) resultat grep: 1
PERE : Reponse lue : fils 7 (de pid 16958) resultat grep: 1
PERE : Reponse lue : fils 8 (de pid 16960) resultat grep: 1
PERE : Reponse lue : fils 9 (de pid 16962) resultat grep: 1
Petit Fils 10 de pid 16965 (de père 16964) cherche 3141592653 dans fichier
PERE : Reponse lue : fils 1 (de pid 16946) resultat grep: 46
PERE : Reponse lue : fils 2 (de pid 16948) resultat grep: 4
PERE : Reponse lue : fils 3 (de pid 16950) resultat grep: 1
PERE : Reponse lue : fils 4 (de pid 16952) resultat grep: 1
PERE : Reponse lue : fils 5 (de pid 16954) resultat grep: 1
PERE : Reponse lue : fils 6 (de pid 16956) resultat grep: 1
PERE : Reponse lue : fils 7 (de pid 16958) resultat grep: 1
PERE : Reponse lue : fils 8 (de pid 16960) resultat grep: 1
PERE : Reponse lue : fils 9 (de pid 16962) resultat grep: 1
FILS 10 de pid 16964: Réponse pour 10 eme grep: 1
PERE : Reponse lue : fils 1 (de pid 16946) resultat grep: 46
PERE : Reponse lue : fils 2 (de pid 16948) resultat grep: 4
PERE : Reponse lue : fils 3 (de pid 16950) resultat grep: 1
PERE : Reponse lue : fils 4 (de pid 16952) resultat grep: 1
PERE : Reponse lue : fils 5 (de pid 16954) resultat grep: 1
PERE : Reponse lue : fils 6 (de pid 16956) resultat grep: 1
PERE : Reponse lue : fils 7 (de pid 16958) resultat grep: 1
PERE : Reponse lue : fils 8 (de pid 16960) resultat grep: 1
PERE : Reponse lue : fils 9 (de pid 16962) resultat grep: 1
PERE : Reponse lue : fils 10 (de pid 16964) resultat grep: 1
Petit Fils 11 de pid 16967 (de père 16966) cherche 31415926535 dans fichier
PERE : Reponse lue : fils 1 (de pid 16946) resultat grep: 46
PERE : Reponse lue : fils 2 (de pid 16948) resultat grep: 4
PERE : Reponse lue : fils 3 (de pid 16950) resultat grep: 1
PERE : Reponse lue : fils 4 (de pid 16952) resultat grep: 1
PERE : Reponse lue : fils 5 (de pid 16954) resultat grep: 1
PERE : Reponse lue : fils 6 (de pid 16956) resultat grep: 1
PERE : Reponse lue : fils 7 (de pid 16958) resultat grep: 1
PERE : Reponse lue : fils 8 (de pid 16960) resultat grep: 1
PERE : Reponse lue : fils 9 (de pid 16962) resultat grep: 1
PERE : Reponse lue : fils 10 (de pid 16964) resultat grep: 1
FILS 11 de pid 16966: Réponse pour 11 eme grep: 1
PERE : Reponse lue : fils 1 (de pid 16946) resultat grep: 46
PERE : Reponse lue : fils 2 (de pid 16948) resultat grep: 4
PERE : Reponse lue : fils 3 (de pid 16950) resultat grep: 1
PERE : Reponse lue : fils 4 (de pid 16952) resultat grep: 1
PERE : Reponse lue : fils 5 (de pid 16954) resultat grep: 1
PERE : Reponse lue : fils 6 (de pid 16956) resultat grep: 1
PERE : Reponse lue : fils 7 (de pid 16958) resultat grep: 1
PERE : Reponse lue : fils 8 (de pid 16960) resultat grep: 1
PERE : Reponse lue : fils 9 (de pid 16962) resultat grep: 1
PERE : Reponse lue : fils 10 (de pid 16964) resultat grep: 1
PERE : Reponse lue : fils 11 (de pid 16966) resultat grep: 1
Petit Fils 12 de pid 16969 (de père 16968) cherche 314159265358 dans fichier
PERE : Reponse lue : fils 1 (de pid 16946) resultat grep: 46
PERE : Reponse lue : fils 2 (de pid 16948) resultat grep: 4
PERE : Reponse lue : fils 3 (de pid 16950) resultat grep: 1
PERE : Reponse lue : fils 4 (de pid 16952) resultat grep: 1
PERE : Reponse lue : fils 5 (de pid 16954) resultat grep: 1
PERE : Reponse lue : fils 6 (de pid 16956) resultat grep: 1
PERE : Reponse lue : fils 7 (de pid 16958) resultat grep: 1
PERE : Reponse lue : fils 8 (de pid 16960) resultat grep: 1
PERE : Reponse lue : fils 9 (de pid 16962) resultat grep: 1
PERE : Reponse lue : fils 10 (de pid 16964) resultat grep: 1
PERE : Reponse lue : fils 11 (de pid 16966) resultat grep: 1
FILS 12 de pid 16968: Réponse pour 12 eme grep: 0
PERE : Reponse lue : fils 1 (de pid 16946) resultat grep: 46
PERE : Reponse lue : fils 2 (de pid 16948) resultat grep: 4
PERE : Reponse lue : fils 3 (de pid 16950) resultat grep: 1
PERE : Reponse lue : fils 4 (de pid 16952) resultat grep: 1
PERE : Reponse lue : fils 5 (de pid 16954) resultat grep: 1
PERE : Reponse lue : fils 6 (de pid 16956) resultat grep: 1
PERE : Reponse lue : fils 7 (de pid 16958) resultat grep: 1
PERE : Reponse lue : fils 8 (de pid 16960) resultat grep: 1
PERE : Reponse lue : fils 9 (de pid 16962) resultat grep: 1
PERE : Reponse lue : fils 10 (de pid 16964) resultat grep: 1
PERE : Reponse lue : fils 11 (de pid 16966) resultat grep: 1
PERE : Reponse lue : fils 12 (de pid 16968) resultat grep: 0
PERE : fils numero 11 (de pid 16966) a trouve la plus longue chaine pour PI, soit : 31415926535
================
Essai avec le fichier ficPIb.txt
Petit Fils 1 de pid 16972 (de père 16971) cherche 3 dans fichier
FILS 1 de pid 16971: Réponse pour 1 eme grep: 92
PERE : Reponse lue : fils 1 (de pid 16971) resultat grep: 92
Petit Fils 2 de pid 16974 (de père 16973) cherche 31 dans fichier
PERE : Reponse lue : fils 1 (de pid 16971) resultat grep: 92
FILS 2 de pid 16973: Réponse pour 2 eme grep: 9
PERE : Reponse lue : fils 1 (de pid 16971) resultat grep: 92
PERE : Reponse lue : fils 2 (de pid 16973) resultat grep: 9
FILS 3 de pid 16975: Réponse pour 3 eme grep: 0
PERE : Reponse lue : fils 1 (de pid 16971) resultat grep: 92
PERE : Reponse lue : fils 2 (de pid 16973) resultat grep: 9
Petit Fils 3 de pid 16976 (de père 16975) cherche 314 dans fichier
PERE : Reponse lue : fils 1 (de pid 16971) resultat grep: 92
PERE : Reponse lue : fils 2 (de pid 16973) resultat grep: 9
PERE : Reponse lue : fils 3 (de pid 16975) resultat grep: 0
PERE : fils numero 2 (de pid 16973) a trouve la plus longue chaine pour PI, soit : 31
